<?xml version="1.0" encoding="UTF-8"?>
<!-- Generated by org.testng.reporters.JUnitReportReporter -->
<testsuite hostname="nir-shalmon" name="com.rhhh.bolts.HierarchyXLevelSpaceSavingBoltTest" tests="5" failures="0" timestamp="25 Sep 2017 07:18:24 GMT" time="0.044" errors="0">
  <testcase name="CountTupleCorrectly" time="0.040" classname="com.rhhh.bolts.HierarchyXLevelSpaceSavingBoltTest"/>
  <testcase name="cleanupCorrectly" time="0.003" classname="com.rhhh.bolts.HierarchyXLevelSpaceSavingBoltTest"/>
  <testcase name="illegalLevelNumber" time="0.000" classname="com.rhhh.bolts.HierarchyXLevelSpaceSavingBoltTest"/>
  <testcase name="shouldAckIfTupleIsReceived" time="0.000" classname="com.rhhh.bolts.HierarchyXLevelSpaceSavingBoltTest"/>
  <testcase name="parsingCorrectly" time="0.001" classname="com.rhhh.bolts.HierarchyXLevelSpaceSavingBoltTest"/>
</testsuite> <!-- com.rhhh.bolts.HierarchyXLevelSpaceSavingBoltTest -->
