<?xml version="1.0" encoding="UTF-8"?>
<testsuite name="TestSuite" time="0.334" tests="8" errors="0" skipped="0" failures="2">
  <properties>
    <property name="idea.version" value="2017.1.2"/>
    <property name="java.runtime.name" value="Java(TM) SE Runtime Environment"/>
    <property name="sun.boot.library.path" value="/usr/lib/jvm/java-8-oracle/jre/lib/amd64"/>
    <property name="java.vm.version" value="25.131-b11"/>
    <property name="java.vm.vendor" value="Oracle Corporation"/>
    <property name="maven.multiModuleProjectDirectory" value="/home/storm/apache-storm-1.1.0/examples/RHHH"/>
    <property name="java.vendor.url" value="http://java.oracle.com/"/>
    <property name="path.separator" value=":"/>
    <property name="guice.disable.misplaced.annotation.check" value="true"/>
    <property name="java.vm.name" value="Java HotSpot(TM) 64-Bit Server VM"/>
    <property name="file.encoding.pkg" value="sun.io"/>
    <property name="user.country" value="US"/>
    <property name="sun.java.launcher" value="SUN_STANDARD"/>
    <property name="sun.os.patch.level" value="unknown"/>
    <property name="java.vm.specification.name" value="Java Virtual Machine Specification"/>
    <property name="user.dir" value="/home/storm/apache-storm-1.1.0/examples/RHHH"/>
    <property name="java.runtime.version" value="1.8.0_131-b11"/>
    <property name="java.awt.graphicsenv" value="sun.awt.X11GraphicsEnvironment"/>
    <property name="java.endorsed.dirs" value="/usr/lib/jvm/java-8-oracle/jre/lib/endorsed"/>
    <property name="os.arch" value="amd64"/>
    <property name="java.io.tmpdir" value="/tmp"/>
    <property name="line.separator" value="&#10;"/>
    <property name="java.vm.specification.vendor" value="Oracle Corporation"/>
    <property name="os.name" value="Linux"/>
    <property name="classworlds.conf" value="/home/nir/idea-IC-171.4249.39/plugins/maven/lib/maven3/bin/m2.conf"/>
    <property name="sun.jnu.encoding" value="UTF-8"/>
    <property name="java.library.path" value="./idea-IC-171.4249.39/bin::/usr/java/packages/lib/amd64:/usr/lib64:/lib64:/lib:/usr/lib"/>
    <property name="java.specification.name" value="Java Platform API Specification"/>
    <property name="java.class.version" value="52.0"/>
    <property name="sun.management.compiler" value="HotSpot 64-Bit Tiered Compilers"/>
    <property name="os.version" value="4.10.0-35-generic"/>
    <property name="user.home" value="/root"/>
    <property name="user.timezone" value="Asia/Jerusalem"/>
    <property name="java.awt.printerjob" value="sun.print.PSPrinterJob"/>
    <property name="java.specification.version" value="1.8"/>
    <property name="file.encoding" value="UTF-8"/>
    <property name="user.name" value="root"/>
    <property name="java.class.path" value="/home/nir/idea-IC-171.4249.39/plugins/maven/lib/maven3/boot/plexus-classworlds-2.5.2.jar:/home/nir/idea-IC-171.4249.39/lib/idea_rt.jar"/>
    <property name="java.vm.specification.version" value="1.8"/>
    <property name="sun.arch.data.model" value="64"/>
    <property name="java.home" value="/usr/lib/jvm/java-8-oracle/jre"/>
    <property name="sun.java.command" value="org.codehaus.classworlds.Launcher -Didea.version=2017.1.2 deploy"/>
    <property name="java.specification.vendor" value="Oracle Corporation"/>
    <property name="user.language" value="en"/>
    <property name="awt.toolkit" value="sun.awt.X11.XToolkit"/>
    <property name="java.vm.info" value="mixed mode"/>
    <property name="java.version" value="1.8.0_131"/>
    <property name="java.ext.dirs" value="/usr/lib/jvm/java-8-oracle/jre/lib/ext:/usr/java/packages/lib/ext"/>
    <property name="securerandom.source" value="file:/dev/./urandom"/>
    <property name="sun.boot.class.path" value="/usr/lib/jvm/java-8-oracle/jre/lib/resources.jar:/usr/lib/jvm/java-8-oracle/jre/lib/rt.jar:/usr/lib/jvm/java-8-oracle/jre/lib/sunrsasign.jar:/usr/lib/jvm/java-8-oracle/jre/lib/jsse.jar:/usr/lib/jvm/java-8-oracle/jre/lib/jce.jar:/usr/lib/jvm/java-8-oracle/jre/lib/charsets.jar:/usr/lib/jvm/java-8-oracle/jre/lib/jfr.jar:/usr/lib/jvm/java-8-oracle/jre/classes"/>
    <property name="java.vendor" value="Oracle Corporation"/>
    <property name="maven.home" value="/home/nir/idea-IC-171.4249.39/plugins/maven/lib/maven3"/>
    <property name="file.separator" value="/"/>
    <property name="java.vendor.url.bug" value="http://bugreport.sun.com/bugreport/"/>
    <property name="sun.cpu.endian" value="little"/>
    <property name="sun.io.unicode.encoding" value="UnicodeLittle"/>
    <property name="sun.cpu.isalist" value=""/>
  </properties>
  <testcase name="FileInputTest" classname="com.rhhh.spouts.IPReaderSpoutTest" time="0.287"/>
  <testcase name="MultipleFileInputTest" classname="com.rhhh.spouts.IPReaderSpoutTest" time="0.009"/>
  <testcase name="SpoutNoArgsInConstructorTest" classname="com.rhhh.spouts.IPReaderSpoutTest" time="0"/>
  <testcase name="CountTupleCorrectly" classname="com.rhhh.bolts.HierarchyXLevelSpaceSavingBoltTest" time="0.03">
    <failure type="java.lang.AssertionError:">java.lang.AssertionError: null
	at com.rhhh.bolts.HierarchyXLevelSpaceSavingBoltTest.CountTupleCorrectly(HierarchyXLevelSpaceSavingBoltTest.java:63)
</failure>
  </testcase>
  <testcase name="cleanupCorrectly" classname="com.rhhh.bolts.HierarchyXLevelSpaceSavingBoltTest" time="0.004"/>
  <testcase name="illegalLevelNumber" classname="com.rhhh.bolts.HierarchyXLevelSpaceSavingBoltTest" time="0"/>
  <testcase name="parsingCorrectly" classname="com.rhhh.bolts.HierarchyXLevelSpaceSavingBoltTest" time="0.001"/>
  <testcase name="shouldAckIfTupleIsReceived" classname="com.rhhh.bolts.HierarchyXLevelSpaceSavingBoltTest" time="0.003">
    <failure message="&#10;Wanted but not invoked:&#10;outputCollector.ack(&#10;    Mock for Tuple, hashCode: 931496835&#10;);&#10;-&gt; at com.rhhh.bolts.HierarchyXLevelSpaceSavingBoltTest.shouldAckIfTupleIsReceived(HierarchyXLevelSpaceSavingBoltTest.java:49)&#10;Actually, there were zero interactions with this mock.&#10;" type="org.mockito.exceptions.verification.WantedButNotInvoked">org.mockito.exceptions.verification.WantedButNotInvoked: 
Wanted but not invoked:
outputCollector.ack(
    Mock for Tuple, hashCode: 931496835
);
-> at com.rhhh.bolts.HierarchyXLevelSpaceSavingBoltTest.shouldAckIfTupleIsReceived(HierarchyXLevelSpaceSavingBoltTest.java:49)
Actually, there were zero interactions with this mock.

	at com.rhhh.bolts.HierarchyXLevelSpaceSavingBoltTest.shouldAckIfTupleIsReceived(HierarchyXLevelSpaceSavingBoltTest.java:49)
</failure>
  </testcase>
</testsuite>